2024-10-04 20:32:12 - Username: adsfsfda, Success: false
2024-10-04 20:32:17 - Username: user1, Success: false
2024-10-04 20:32:19 - Username: user1, Success: false
2024-10-04 20:32:24 - Username: user1, Success: false
2024-10-04 20:32:25 - Username: user1, Success: false
2024-10-04 20:32:29 - Username: user1, Success: false
2024-10-04 20:32:30 - Username: user1, Success: false
2024-10-04 20:33:28 - Username: asdf, Success: false
2024-10-04 20:33:33 - Username: user1, Success: false
2024-10-04 20:33:34 - Username: user1, Success: false
2024-10-04 20:39:05 - Username: sfgefb, Success: false
2024-10-04 20:39:12 - Username: user1, Success: true
2024-10-04 20:45:45 - Login - Username: sdggs, Success: false
2024-10-04 20:45:49 - Login - Username: user1, Success: false
2024-10-04 20:45:50 - Login - Username: user1, Success: false
2024-10-04 20:47:00 - Login - Username: abdias1, Success: false
2024-10-04 20:47:01 - Login - Username: abdias1, Success: false
2024-10-04 20:57:58 - Login - Username: abdias, Success: false
2024-10-04 21:08:05 - Login - Username: abdias , Success: false
2024-10-04 21:11:23 - Login - Username: abdias, Success: false
2024-10-04 21:18:13 - Login - Username: abdias , Success: false
2024-10-04 21:33:45 - Login - Username: abdias, Success: false
2024-10-04 21:38:44 - Login - Username: asadafae, Success: false
2024-10-04 21:39:15 - Login - Username: aappo001, Success: false
2024-10-04 21:39:16 - Login - Username: aappo001, Success: false
2024-10-07 16:28:22 - Login - Username: srgsdg, Success: false
